2024-03-05 15:58:16,616 - INFO - torch_version:2.1.1+cpu
2024-03-05 15:58:18,094 - DEBUG - Epoch 0 - Model Parameters: OrderedDict([('hogp_list.0.noise_variance', tensor([1.])), ('hogp_list.0.kernel_list.0.length_scale', tensor([1.])), ('hogp_list.0.kernel_list.0.signal_variance', tensor([1.])), ('hogp_list.0.kernel_list.1.length_scale', tensor([1.])), ('hogp_list.0.kernel_list.1.signal_variance', tensor([1.])), ('hogp_list.0.kernel_list.2.length_scale', tensor([1.])), ('hogp_list.0.kernel_list.2.signal_variance', tensor([1.])), ('hogp_list.0.grid.0', tensor([[ 0.],
        [ 1.],
        [ 2.],
        [ 3.],
        [ 4.],
        [ 5.],
        [ 6.],
        [ 7.],
        [ 8.],
        [ 9.],
        [10.],
        [11.],
        [12.],
        [13.],
        [14.],
        [15.],
        [16.],
        [17.],
        [18.],
        [19.],
        [20.],
        [21.],
        [22.],
        [23.],
        [24.],
        [25.],
        [26.],
        [27.],
        [28.],
        [29.],
        [30.],
        [31.],
        [32.],
        [33.],
        [34.],
        [35.],
        [36.],
        [37.],
        [38.],
        [39.],
        [40.],
        [41.],
        [42.],
        [43.],
        [44.],
        [45.],
        [46.],
        [47.],
        [48.],
        [49.],
        [50.],
        [51.],
        [52.],
        [53.],
        [54.],
        [55.],
        [56.],
        [57.],
        [58.],
        [59.],
        [60.],
        [61.],
        [62.],
        [63.],
        [64.],
        [65.],
        [66.],
        [67.],
        [68.],
        [69.],
        [70.],
        [71.],
        [72.],
        [73.],
        [74.],
        [75.],
        [76.],
        [77.],
        [78.],
        [79.],
        [80.],
        [81.],
        [82.],
        [83.],
        [84.],
        [85.],
        [86.],
        [87.],
        [88.],
        [89.],
        [90.],
        [91.],
        [92.],
        [93.],
        [94.],
        [95.],
        [96.],
        [97.],
        [98.],
        [99.]])), ('hogp_list.0.grid.1', tensor([[ 0.],
        [ 1.],
        [ 2.],
        [ 3.],
        [ 4.],
        [ 5.],
        [ 6.],
        [ 7.],
        [ 8.],
        [ 9.],
        [10.],
        [11.],
        [12.],
        [13.],
        [14.],
        [15.],
        [16.],
        [17.],
        [18.],
        [19.],
        [20.],
        [21.],
        [22.],
        [23.],
        [24.],
        [25.],
        [26.],
        [27.],
        [28.],
        [29.],
        [30.],
        [31.],
        [32.],
        [33.],
        [34.],
        [35.],
        [36.],
        [37.],
        [38.],
        [39.],
        [40.],
        [41.],
        [42.],
        [43.],
        [44.],
        [45.],
        [46.],
        [47.],
        [48.],
        [49.],
        [50.],
        [51.],
        [52.],
        [53.],
        [54.],
        [55.],
        [56.],
        [57.],
        [58.],
        [59.],
        [60.],
        [61.],
        [62.],
        [63.],
        [64.],
        [65.],
        [66.],
        [67.],
        [68.],
        [69.],
        [70.],
        [71.],
        [72.],
        [73.],
        [74.],
        [75.],
        [76.],
        [77.],
        [78.],
        [79.],
        [80.],
        [81.],
        [82.],
        [83.],
        [84.],
        [85.],
        [86.],
        [87.],
        [88.],
        [89.],
        [90.],
        [91.],
        [92.],
        [93.],
        [94.],
        [95.],
        [96.],
        [97.],
        [98.],
        [99.]])), ('hogp_list.0.mapping_vector.0', tensor([[1., 0., 0.,  ..., 0., 0., 0.],
        [0., 1., 0.,  ..., 0., 0., 0.],
        [0., 0., 1.,  ..., 0., 0., 0.],
        ...,
        [0., 0., 0.,  ..., 1., 0., 0.],
        [0., 0., 0.,  ..., 0., 1., 0.],
        [0., 0., 0.,  ..., 0., 0., 1.]])), ('hogp_list.0.mapping_vector.1', tensor([[1., 0., 0.,  ..., 0., 0., 0.],
        [0., 1., 0.,  ..., 0., 0., 0.],
        [0., 0., 1.,  ..., 0., 0., 0.],
        ...,
        [0., 0., 0.,  ..., 1., 0., 0.],
        [0., 0., 0.,  ..., 0., 1., 0.],
        [0., 0., 0.,  ..., 0., 0., 1.]])), ('hogp_list.1.noise_variance', tensor([1.])), ('hogp_list.1.kernel_list.0.length_scale', tensor([1.])), ('hogp_list.1.kernel_list.0.signal_variance', tensor([1.])), ('hogp_list.1.kernel_list.1.length_scale', tensor([1.])), ('hogp_list.1.kernel_list.1.signal_variance', tensor([1.])), ('hogp_list.1.kernel_list.2.length_scale', tensor([1.])), ('hogp_list.1.kernel_list.2.signal_variance', tensor([1.])), ('hogp_list.1.grid.0', tensor([[ 0.],
        [ 1.],
        [ 2.],
        [ 3.],
        [ 4.],
        [ 5.],
        [ 6.],
        [ 7.],
        [ 8.],
        [ 9.],
        [10.],
        [11.],
        [12.],
        [13.],
        [14.],
        [15.],
        [16.],
        [17.],
        [18.],
        [19.],
        [20.],
        [21.],
        [22.],
        [23.],
        [24.],
        [25.],
        [26.],
        [27.],
        [28.],
        [29.],
        [30.],
        [31.],
        [32.],
        [33.],
        [34.],
        [35.],
        [36.],
        [37.],
        [38.],
        [39.],
        [40.],
        [41.],
        [42.],
        [43.],
        [44.],
        [45.],
        [46.],
        [47.],
        [48.],
        [49.],
        [50.],
        [51.],
        [52.],
        [53.],
        [54.],
        [55.],
        [56.],
        [57.],
        [58.],
        [59.],
        [60.],
        [61.],
        [62.],
        [63.],
        [64.],
        [65.],
        [66.],
        [67.],
        [68.],
        [69.],
        [70.],
        [71.],
        [72.],
        [73.],
        [74.],
        [75.],
        [76.],
        [77.],
        [78.],
        [79.],
        [80.],
        [81.],
        [82.],
        [83.],
        [84.],
        [85.],
        [86.],
        [87.],
        [88.],
        [89.],
        [90.],
        [91.],
        [92.],
        [93.],
        [94.],
        [95.],
        [96.],
        [97.],
        [98.],
        [99.]])), ('hogp_list.1.grid.1', tensor([[ 0.],
        [ 1.],
        [ 2.],
        [ 3.],
        [ 4.],
        [ 5.],
        [ 6.],
        [ 7.],
        [ 8.],
        [ 9.],
        [10.],
        [11.],
        [12.],
        [13.],
        [14.],
        [15.],
        [16.],
        [17.],
        [18.],
        [19.],
        [20.],
        [21.],
        [22.],
        [23.],
        [24.],
        [25.],
        [26.],
        [27.],
        [28.],
        [29.],
        [30.],
        [31.],
        [32.],
        [33.],
        [34.],
        [35.],
        [36.],
        [37.],
        [38.],
        [39.],
        [40.],
        [41.],
        [42.],
        [43.],
        [44.],
        [45.],
        [46.],
        [47.],
        [48.],
        [49.],
        [50.],
        [51.],
        [52.],
        [53.],
        [54.],
        [55.],
        [56.],
        [57.],
        [58.],
        [59.],
        [60.],
        [61.],
        [62.],
        [63.],
        [64.],
        [65.],
        [66.],
        [67.],
        [68.],
        [69.],
        [70.],
        [71.],
        [72.],
        [73.],
        [74.],
        [75.],
        [76.],
        [77.],
        [78.],
        [79.],
        [80.],
        [81.],
        [82.],
        [83.],
        [84.],
        [85.],
        [86.],
        [87.],
        [88.],
        [89.],
        [90.],
        [91.],
        [92.],
        [93.],
        [94.],
        [95.],
        [96.],
        [97.],
        [98.],
        [99.]])), ('hogp_list.1.mapping_vector.0', tensor([[1., 0., 0.,  ..., 0., 0., 0.],
        [0., 1., 0.,  ..., 0., 0., 0.],
        [0., 0., 1.,  ..., 0., 0., 0.],
        ...,
        [0., 0., 0.,  ..., 1., 0., 0.],
        [0., 0., 0.,  ..., 0., 1., 0.],
        [0., 0., 0.,  ..., 0., 0., 1.]])), ('hogp_list.1.mapping_vector.1', tensor([[1., 0., 0.,  ..., 0., 0., 0.],
        [0., 1., 0.,  ..., 0., 0., 0.],
        [0., 0., 1.,  ..., 0., 0., 0.],
        ...,
        [0., 0., 0.,  ..., 1., 0., 0.],
        [0., 0., 0.,  ..., 0., 1., 0.],
        [0., 0., 0.,  ..., 0., 0., 1.]])), ('hogp_list.2.noise_variance', tensor([1.])), ('hogp_list.2.kernel_list.0.length_scale', tensor([1.])), ('hogp_list.2.kernel_list.0.signal_variance', tensor([1.])), ('hogp_list.2.kernel_list.1.length_scale', tensor([1.])), ('hogp_list.2.kernel_list.1.signal_variance', tensor([1.])), ('hogp_list.2.kernel_list.2.length_scale', tensor([1.])), ('hogp_list.2.kernel_list.2.signal_variance', tensor([1.])), ('hogp_list.2.grid.0', tensor([[ 0.],
        [ 1.],
        [ 2.],
        [ 3.],
        [ 4.],
        [ 5.],
        [ 6.],
        [ 7.],
        [ 8.],
        [ 9.],
        [10.],
        [11.],
        [12.],
        [13.],
        [14.],
        [15.],
        [16.],
        [17.],
        [18.],
        [19.],
        [20.],
        [21.],
        [22.],
        [23.],
        [24.],
        [25.],
        [26.],
        [27.],
        [28.],
        [29.],
        [30.],
        [31.],
        [32.],
        [33.],
        [34.],
        [35.],
        [36.],
        [37.],
        [38.],
        [39.],
        [40.],
        [41.],
        [42.],
        [43.],
        [44.],
        [45.],
        [46.],
        [47.],
        [48.],
        [49.],
        [50.],
        [51.],
        [52.],
        [53.],
        [54.],
        [55.],
        [56.],
        [57.],
        [58.],
        [59.],
        [60.],
        [61.],
        [62.],
        [63.],
        [64.],
        [65.],
        [66.],
        [67.],
        [68.],
        [69.],
        [70.],
        [71.],
        [72.],
        [73.],
        [74.],
        [75.],
        [76.],
        [77.],
        [78.],
        [79.],
        [80.],
        [81.],
        [82.],
        [83.],
        [84.],
        [85.],
        [86.],
        [87.],
        [88.],
        [89.],
        [90.],
        [91.],
        [92.],
        [93.],
        [94.],
        [95.],
        [96.],
        [97.],
        [98.],
        [99.]])), ('hogp_list.2.grid.1', tensor([[ 0.],
        [ 1.],
        [ 2.],
        [ 3.],
        [ 4.],
        [ 5.],
        [ 6.],
        [ 7.],
        [ 8.],
        [ 9.],
        [10.],
        [11.],
        [12.],
        [13.],
        [14.],
        [15.],
        [16.],
        [17.],
        [18.],
        [19.],
        [20.],
        [21.],
        [22.],
        [23.],
        [24.],
        [25.],
        [26.],
        [27.],
        [28.],
        [29.],
        [30.],
        [31.],
        [32.],
        [33.],
        [34.],
        [35.],
        [36.],
        [37.],
        [38.],
        [39.],
        [40.],
        [41.],
        [42.],
        [43.],
        [44.],
        [45.],
        [46.],
        [47.],
        [48.],
        [49.],
        [50.],
        [51.],
        [52.],
        [53.],
        [54.],
        [55.],
        [56.],
        [57.],
        [58.],
        [59.],
        [60.],
        [61.],
        [62.],
        [63.],
        [64.],
        [65.],
        [66.],
        [67.],
        [68.],
        [69.],
        [70.],
        [71.],
        [72.],
        [73.],
        [74.],
        [75.],
        [76.],
        [77.],
        [78.],
        [79.],
        [80.],
        [81.],
        [82.],
        [83.],
        [84.],
        [85.],
        [86.],
        [87.],
        [88.],
        [89.],
        [90.],
        [91.],
        [92.],
        [93.],
        [94.],
        [95.],
        [96.],
        [97.],
        [98.],
        [99.]])), ('hogp_list.2.mapping_vector.0', tensor([[1., 0., 0.,  ..., 0., 0., 0.],
        [0., 1., 0.,  ..., 0., 0., 0.],
        [0., 0., 1.,  ..., 0., 0., 0.],
        ...,
        [0., 0., 0.,  ..., 1., 0., 0.],
        [0., 0., 0.,  ..., 0., 1., 0.],
        [0., 0., 0.,  ..., 0., 0., 1.]])), ('hogp_list.2.mapping_vector.1', tensor([[1., 0., 0.,  ..., 0., 0., 0.],
        [0., 1., 0.,  ..., 0., 0., 0.],
        [0., 0., 1.,  ..., 0., 0., 0.],
        ...,
        [0., 0., 0.,  ..., 1., 0., 0.],
        [0., 0., 0.,  ..., 0., 1., 0.],
        [0., 0., 0.,  ..., 0., 0., 1.]])), ('Tensor_linear_list.0.vectors.0', tensor([[1., 0., 0.,  ..., 0., 0., 0.],
        [0., 1., 0.,  ..., 0., 0., 0.],
        [0., 0., 1.,  ..., 0., 0., 0.],
        ...,
        [0., 0., 0.,  ..., 1., 0., 0.],
        [0., 0., 0.,  ..., 0., 1., 0.],
        [0., 0., 0.,  ..., 0., 0., 1.]])), ('Tensor_linear_list.0.vectors.1', tensor([[1., 0., 0.,  ..., 0., 0., 0.],
        [0., 1., 0.,  ..., 0., 0., 0.],
        [0., 0., 1.,  ..., 0., 0., 0.],
        ...,
        [0., 0., 0.,  ..., 1., 0., 0.],
        [0., 0., 0.,  ..., 0., 1., 0.],
        [0., 0., 0.,  ..., 0., 0., 1.]])), ('Tensor_linear_list.1.vectors.0', tensor([[1., 0., 0.,  ..., 0., 0., 0.],
        [0., 1., 0.,  ..., 0., 0., 0.],
        [0., 0., 1.,  ..., 0., 0., 0.],
        ...,
        [0., 0., 0.,  ..., 1., 0., 0.],
        [0., 0., 0.,  ..., 0., 1., 0.],
        [0., 0., 0.,  ..., 0., 0., 1.]])), ('Tensor_linear_list.1.vectors.1', tensor([[1., 0., 0.,  ..., 0., 0., 0.],
        [0., 1., 0.,  ..., 0., 0., 0.],
        [0., 0., 1.,  ..., 0., 0., 0.],
        ...,
        [0., 0., 0.,  ..., 1., 0., 0.],
        [0., 0., 0.,  ..., 0., 1., 0.],
        [0., 0., 0.,  ..., 0., 0., 1.]]))])
2024-03-05 15:58:18,250 - ERROR - Loss is error at epoch 1. Rolling back to epoch 0.
